C MSI Build (Step 1) started	2016-04-13 15:38:13.000000000
C Copy of file lxxbdf.asc was successful	2016-04-13 15:38:13.000000000
C Copy of file mechpage.js was successful	2016-04-13 15:38:13.000000000
C Copy of file mechpage.html was successful	2016-04-13 15:38:13.000000000
C Copy of file mechpage.appcache was successful	2016-04-13 15:38:13.000000000
C Copy of file mechtheme.js was successful	2016-04-13 15:38:13.000000000
C Copy of file lavaclick.jpg was successful	2016-04-13 15:38:13.000000000
C Copy of file lava.jpg was successful	2016-04-13 15:38:13.000000000
C Copy of file mechtheme.res was successful	2016-04-13 15:38:13.000000000
C Copy of file msvrmod.dll was successful	2016-04-13 15:38:13.000000000
C Copy of file mtiled.js was successful	2016-04-13 15:38:13.000000000
C Copy of file lava.jpg was successful	2016-04-13 15:38:14.000000000
C Copy of file mechfile.CTD was successful	2016-04-13 15:38:14.000000000
C Copy of file mechfile.dll was successful	2016-04-13 15:38:14.000000000
C Unload of data for File MECHFILE successful	2016-04-13 15:38:14.000000000
C Copy of file mechweapon.CTD was successful	2016-04-13 15:38:14.000000000
C Copy of file mechweapon.dll was successful	2016-04-13 15:38:14.000000000
C Unload of data for File MECHWEAPON successful	2016-04-13 15:38:14.000000000
C Copy of file mlogin.CTD was successful	2016-04-13 15:38:14.000000000
C Copy of file mlogin.dll was successful	2016-04-13 15:38:14.000000000
C Unload of data for File MLOGIN successful	2016-04-13 15:38:14.000000000
C Copy of file mrankxp.CTD was successful	2016-04-13 15:38:14.000000000
C Copy of file mrankxp.dll was successful	2016-04-13 15:38:14.000000000
C Unload of data for File MRANKXP successful	2016-04-13 15:38:14.000000000
C Export of LANSA internal data - Started	2016-04-13 15:38:14.000000000
 	2016-04-13 15:38:14.000000000
-> Object Export Facility Started 04/13/16 15:38:14 (15:38:14)	2016-04-13 15:38:14.000000000
-> This procedure is being logged into file C:\Users\FRANK~1.SAR\AppData\Local\Temp\export.log (15:38:14)	2016-04-13 15:38:14.000000000
-> Export of table lxxf60 (to C:\LANSAV14\X_WIN95\X_LANSA\X_APPS\VCSXPORT\X_PKGWRK\1.0.1\build\internal\lxxf60.asc) in progress. Please wait (15:38:14)	2016-04-13 15:38:14.000000000
-> Export of table lxxf60 (to C:\LANSAV14\X_WIN95\X_LANSA\X_APPS\VCSXPORT\X_PKGWRK\1.0.1\build\internal\lxxf60.asc) completed normally (15:38:14)	2016-04-13 15:38:14.000000000
-> Definition of field/component MADMIN successfully exported. (15:38:14)	2016-04-13 15:38:14.000000000
-> Definition of field/component MAVATAR successfully exported. (15:38:14)	2016-04-13 15:38:14.000000000
-> Definition of field/component MCBILL successfully exported. (15:38:14)	2016-04-13 15:38:14.000000000
-> Definition of field/component MCLASS successfully exported. (15:38:14)	2016-04-13 15:38:14.000000000
-> Definition of field/component MDAMAGE successfully exported. (15:38:14)	2016-04-13 15:38:14.000000000
-> Definition of field/component MDESC successfully exported. (15:38:14)	2016-04-13 15:38:14.000000000
-> Definition of field/component MECHPAGE successfully exported. (15:38:14)	2016-04-13 15:38:14.000000000
-> Definition of field/component MECHTHEME successfully exported. (15:38:15)	2016-04-13 15:38:14.000000000
-> Definition of field/component MEMAIL successfully exported. (15:38:15)	2016-04-13 15:38:14.000000000
-> Definition of field/component MENERGYW successfully exported. (15:38:15)	2016-04-13 15:38:14.000000000
-> Definition of field/component MENERGYWQ successfully exported. (15:38:15)	2016-04-13 15:38:14.000000000
-> Definition of field/component MEQUIPTME successfully exported. (15:38:15)	2016-04-13 15:38:14.000000000
-> Definition of field/component MHEALTH successfully exported. (15:38:15)	2016-04-13 15:38:14.000000000
-> Definition of field/component MHEAT successfully exported. (15:38:15)	2016-04-13 15:38:14.000000000
-> Definition of field/component MHEATTOL successfully exported. (15:38:15)	2016-04-13 15:38:14.000000000
-> Definition of field/component MIMAGE successfully exported. (15:38:15)	2016-04-13 15:38:14.000000000
-> Definition of field/component MJUMPJETS successfully exported. (15:38:15)	2016-04-13 15:38:14.000000000
-> Definition of field/component MKINETICW successfully exported. (15:38:15)	2016-04-13 15:38:14.000000000
-> Definition of field/component MKINETWQ successfully exported. (15:38:15)	2016-04-13 15:38:14.000000000
-> Definition of field/component MNAME successfully exported. (15:38:15)	2016-04-13 15:38:14.000000000
-> Definition of field/component MOWNER successfully exported. (15:38:15)	2016-04-13 15:38:14.000000000
-> Definition of field/component MPASSWRD successfully exported. (15:38:15)	2016-04-13 15:38:14.000000000
-> Definition of field/component MRANGEDW successfully exported. (15:38:16)	2016-04-13 15:38:14.000000000
-> Definition of field/component MRANGEDWQ successfully exported. (15:38:16)	2016-04-13 15:38:14.000000000
-> Definition of field/component MRANK successfully exported. (15:38:16)	2016-04-13 15:38:14.000000000
-> Definition of field/component MRANKVAL successfully exported. (15:38:16)	2016-04-13 15:38:14.000000000
-> Definition of field/component MSPEED successfully exported. (15:38:16)	2016-04-13 15:38:14.000000000
-> Definition of field/component MSVRMOD successfully exported. (15:38:16)	2016-04-13 15:38:14.000000000
-> Definition of field/component MTILED successfully exported. (15:38:16)	2016-04-13 15:38:14.000000000
-> Definition of field/component MUSER successfully exported. (15:38:16)	2016-04-13 15:38:14.000000000
-> Definition of field/component MWCOST successfully exported. (15:38:16)	2016-04-13 15:38:14.000000000
-> Definition of field/component MWDAMAGE successfully exported. (15:38:16)	2016-04-13 15:38:14.000000000
-> Definition of field/component MWEAPON successfully exported. (15:38:16)	2016-04-13 15:38:14.000000000
-> Definition of field/component MWEAPOND successfully exported. (15:38:16)	2016-04-13 15:38:14.000000000
-> Definition of field/component MWHEAT successfully exported. (15:38:17)	2016-04-13 15:38:14.000000000
-> Definition of field/component MWIMG successfully exported. (15:38:17)	2016-04-13 15:38:14.000000000
-> Definition of field/component MWTON successfully exported. (15:38:17)	2016-04-13 15:38:14.000000000
-> Definition of field/component MWTYPE successfully exported. (15:38:17)	2016-04-13 15:38:14.000000000
-> Definition of field/component MXP successfully exported. (15:38:17)	2016-04-13 15:38:14.000000000
-> Definition of field/component MXPN successfully exported. (15:38:17)	2016-04-13 15:38:14.000000000
-> Export of table lxxfof (to C:\LANSAV14\X_WIN95\X_LANSA\X_APPS\VCSXPORT\X_PKGWRK\1.0.1\build\internal\lxxfof.asc) in progress. Please wait (15:38:17)	2016-04-13 15:38:14.000000000
-> Export of table lxxfof (to C:\LANSAV14\X_WIN95\X_LANSA\X_APPS\VCSXPORT\X_PKGWRK\1.0.1\build\internal\lxxfof.asc) completed normally (15:38:17)	2016-04-13 15:38:14.000000000
-> Definition of file MECHFILE in library DEVMODLIB successfully exported. (15:38:17)	2016-04-13 15:38:14.000000000
-> Export of table lxxfof (to C:\LANSAV14\X_WIN95\X_LANSA\X_APPS\VCSXPORT\X_PKGWRK\1.0.1\build\internal\lxxfof.asc) in progress. Please wait (15:38:17)	2016-04-13 15:38:14.000000000
-> Export of table lxxfof (to C:\LANSAV14\X_WIN95\X_LANSA\X_APPS\VCSXPORT\X_PKGWRK\1.0.1\build\internal\lxxfof.asc) completed normally (15:38:17)	2016-04-13 15:38:14.000000000
-> Definition of file MECHWEAPON in library DEVMODLIB successfully exported. (15:38:17)	2016-04-13 15:38:14.000000000
-> Export of table lxxfof (to C:\LANSAV14\X_WIN95\X_LANSA\X_APPS\VCSXPORT\X_PKGWRK\1.0.1\build\internal\lxxfof.asc) in progress. Please wait (15:38:17)	2016-04-13 15:38:14.000000000
-> Export of table lxxfof (to C:\LANSAV14\X_WIN95\X_LANSA\X_APPS\VCSXPORT\X_PKGWRK\1.0.1\build\internal\lxxfof.asc) completed normally (15:38:17)	2016-04-13 15:38:14.000000000
-> Definition of file MLOGIN in library DEVMODLIB successfully exported. (15:38:17)	2016-04-13 15:38:14.000000000
-> Export of table lxxfof (to C:\LANSAV14\X_WIN95\X_LANSA\X_APPS\VCSXPORT\X_PKGWRK\1.0.1\build\internal\lxxfof.asc) in progress. Please wait (15:38:17)	2016-04-13 15:38:14.000000000
-> Export of table lxxfof (to C:\LANSAV14\X_WIN95\X_LANSA\X_APPS\VCSXPORT\X_PKGWRK\1.0.1\build\internal\lxxfof.asc) completed normally (15:38:17)	2016-04-13 15:38:14.000000000
-> Definition of file MRANKXP in library DEVMODLIB successfully exported. (15:38:17)	2016-04-13 15:38:14.000000000
-> Export of table lxxf96 (to C:\LANSAV14\X_WIN95\X_LANSA\X_APPS\VCSXPORT\X_PKGWRK\1.0.1\build\internal\lxxf96.asc) in progress. Please wait (15:38:17)	2016-04-13 15:38:14.000000000
-> Export of table lxxf96 (to C:\LANSAV14\X_WIN95\X_LANSA\X_APPS\VCSXPORT\X_PKGWRK\1.0.1\build\internal\lxxf96.asc) completed normally (15:38:17)	2016-04-13 15:38:14.000000000
-> Export of table lxxf73 (to C:\LANSAV14\X_WIN95\X_LANSA\X_APPS\VCSXPORT\X_PKGWRK\1.0.1\build\internal\lxxf73.asc) in progress. Please wait (15:38:17)	2016-04-13 15:38:14.000000000
-> Export of table lxxf73 (to C:\LANSAV14\X_WIN95\X_LANSA\X_APPS\VCSXPORT\X_PKGWRK\1.0.1\build\internal\lxxf73.asc) completed normally (15:38:17)	2016-04-13 15:38:14.000000000
-> Export of table lxxfku (to C:\LANSAV14\X_WIN95\X_LANSA\X_APPS\VCSXPORT\X_PKGWRK\1.0.1\build\internal\lxxfku.asc) in progress. Please wait (15:38:17)	2016-04-13 15:38:14.000000000
-> Export of table lxxfku (to C:\LANSAV14\X_WIN95\X_LANSA\X_APPS\VCSXPORT\X_PKGWRK\1.0.1\build\internal\lxxfku.asc) completed normally (15:38:17)	2016-04-13 15:38:14.000000000
-> Export of table lxxffd (to C:\LANSAV14\X_WIN95\X_LANSA\X_APPS\VCSXPORT\X_PKGWRK\1.0.1\build\internal\lxxffd.asc) in progress. Please wait (15:38:17)	2016-04-13 15:38:14.000000000
-> Export of table lxxffd (to C:\LANSAV14\X_WIN95\X_LANSA\X_APPS\VCSXPORT\X_PKGWRK\1.0.1\build\internal\lxxffd.asc) completed normally (15:38:17)	2016-04-13 15:38:14.000000000
-> Export of table lxxf75 (to C:\LANSAV14\X_WIN95\X_LANSA\X_APPS\VCSXPORT\X_PKGWRK\1.0.1\build\internal\lxxf75.asc) in progress. Please wait (15:38:17)	2016-04-13 15:38:14.000000000
-> Export of table lxxf75 (to C:\LANSAV14\X_WIN95\X_LANSA\X_APPS\VCSXPORT\X_PKGWRK\1.0.1\build\internal\lxxf75.asc) completed normally (15:38:17)	2016-04-13 15:38:14.000000000
-> Export of table lxxf87 (to C:\LANSAV14\X_WIN95\X_LANSA\X_APPS\VCSXPORT\X_PKGWRK\1.0.1\build\internal\lxxf87.asc) in progress. Please wait (15:38:17)	2016-04-13 15:38:14.000000000
-> Export of table lxxf87 (to C:\LANSAV14\X_WIN95\X_LANSA\X_APPS\VCSXPORT\X_PKGWRK\1.0.1\build\internal\lxxf87.asc) completed normally (15:38:17)	2016-04-13 15:38:14.000000000
-> Export of table lxxf97 (to C:\LANSAV14\X_WIN95\X_LANSA\X_APPS\VCSXPORT\X_PKGWRK\1.0.1\build\internal\lxxf97.asc) in progress. Please wait (15:38:17)	2016-04-13 15:38:14.000000000
-> Export of table lxxf97 (to C:\LANSAV14\X_WIN95\X_LANSA\X_APPS\VCSXPORT\X_PKGWRK\1.0.1\build\internal\lxxf97.asc) completed normally (15:38:17)	2016-04-13 15:38:14.000000000
-> Export of table lxxf98 (to C:\LANSAV14\X_WIN95\X_LANSA\X_APPS\VCSXPORT\X_PKGWRK\1.0.1\build\internal\lxxf98.asc) in progress. Please wait (15:38:17)	2016-04-13 15:38:14.000000000
-> Export of table lxxf98 (to C:\LANSAV14\X_WIN95\X_LANSA\X_APPS\VCSXPORT\X_PKGWRK\1.0.1\build\internal\lxxf98.asc) completed normally (15:38:17)	2016-04-13 15:38:14.000000000
-> Export of table lxxf99 (to C:\LANSAV14\X_WIN95\X_LANSA\X_APPS\VCSXPORT\X_PKGWRK\1.0.1\build\internal\lxxf99.asc) in progress. Please wait (15:38:17)	2016-04-13 15:38:14.000000000
-> Export of table lxxf99 (to C:\LANSAV14\X_WIN95\X_LANSA\X_APPS\VCSXPORT\X_PKGWRK\1.0.1\build\internal\lxxf99.asc) completed normally (15:38:18)	2016-04-13 15:38:14.000000000
-> Export of table lxxf47 (to C:\LANSAV14\X_WIN95\X_LANSA\X_APPS\VCSXPORT\X_PKGWRK\1.0.1\build\internal\lxxf47.asc) in progress. Please wait (15:38:18)	2016-04-13 15:38:14.000000000
-> Export of table lxxf47 (to C:\LANSAV14\X_WIN95\X_LANSA\X_APPS\VCSXPORT\X_PKGWRK\1.0.1\build\internal\lxxf47.asc) completed normally (15:38:20)	2016-04-13 15:38:14.000000000
-> Export of table lxxf55 (to C:\LANSAV14\X_WIN95\X_LANSA\X_APPS\VCSXPORT\X_PKGWRK\1.0.1\build\internal\lxxf55.asc) in progress. Please wait (15:38:20)	2016-04-13 15:38:14.000000000
-> Export of table lxxf55 (to C:\LANSAV14\X_WIN95\X_LANSA\X_APPS\VCSXPORT\X_PKGWRK\1.0.1\build\internal\lxxf55.asc) completed normally (15:38:23)	2016-04-13 15:38:14.000000000
-> Object Export Facility Ended 04/13/16 15:38:23. 0 fatal errors were detected. 0 warnings were issued. (15:38:23)	2016-04-13 15:38:14.000000000
 	2016-04-13 15:38:14.000000000
C Export of LANSA internal data - Completed Successfully	2016-04-13 15:38:23.000000000
C Copy of file pkgdesc.txt was successful	2016-04-13 15:38:23.000000000
C Copy of file appdesc.txt was successful	2016-04-13 15:38:23.000000000
C Copy of file lxxadf.asc was successful	2016-04-13 15:38:23.000000000
C MSI Build (Step 1) complete	2016-04-13 15:38:23.000000000
C MSI Build (Step 2) bypassed	2016-04-13 15:38:23.000000000
            30 Completion messages	2016-04-13 15:38:23.000000000
            0 Warning messages	2016-04-13 15:38:23.000000000
            0 Fatal messages	2016-04-13 15:38:23.000000000
